<?xml version="1.0" encoding="UTF-8"?>
<!-- Generated by org.testng.reporters.JUnitReportReporter -->
<testsuite hostname="LAPTOP-5K9H8Q3R" failures="0" tests="3" name="Demo1.Day3" time="0.034" errors="0" timestamp="2020-07-29T21:48:53 IST" skipped="0">
  <testcase classname="Demo1.Day3" name="toExclude3" time="0.021"/>
  <testcase classname="Demo1.Day3" name="toExclude4" time="0.007"/>
  <testcase classname="Demo1.Day3" name="toExclude" time="0.006"/>
</testsuite> <!-- Demo1.Day3 -->
