<?xml version="1.0" encoding="UTF-8"?>
<!-- Generated by org.testng.reporters.JUnitReportReporter -->
<testsuite hostname="LAPTOP-5K9H8Q3R" failures="0" tests="7" name="Demo1.Day2" time="0.024" errors="1" timestamp="2020-10-24T01:03:35 IST" skipped="2">
  <testcase classname="Demo1.Day2" name="catchData" time="0.002"/>
  <system-out/>
  <testcase classname="Demo1.Day2" name="catchData" time="0.009"/>
  <system-out/>
  <testcase classname="Demo1.Day2" name="catchData" time="0.008"/>
  <system-out/>
  <testcase classname="Demo1.Day2" name="toInclude5" time="0.005"/>
  <system-out/>
  <testcase classname="Demo1.Day2" name="toInclude" time="0.000">
    <error message="
Parameter &#039;URL&#039; is required by @Test on method toInclude but has not been marked @Optional or defined
in C:\Users\Lenovo\eclipse-workspace\TestNGTesting\testng3.xml" type="org.testng.TestNGException">
      <![CDATA[org.testng.TestNGException: 
Parameter 'URL' is required by @Test on method toInclude but has not been marked @Optional or defined
in C:\Users\Lenovo\eclipse-workspace\TestNGTesting\testng3.xml
at org.testng.internal.Parameters.createParams(Parameters.java:268)
at org.testng.internal.Parameters.createParametersForMethod(Parameters.java:356)
at org.testng.internal.Parameters.createParameters(Parameters.java:700)
at org.testng.internal.Parameters.handleParameters(Parameters.java:875)
at org.testng.internal.Parameters.handleParameters(Parameters.java:740)
at org.testng.internal.ParameterHandler.handleParameters(ParameterHandler.java:59)
at org.testng.internal.ParameterHandler.createParameters(ParameterHandler.java:38)
at org.testng.internal.TestInvoker$MethodInvocationAgent.invoke(TestInvoker.java:789)
at org.testng.internal.TestInvoker.invokeTestMethods(TestInvoker.java:147)
at org.testng.internal.TestMethodWorker.invokeTestMethods(TestMethodWorker.java:146)
at org.testng.internal.TestMethodWorker.run(TestMethodWorker.java:128)
at java.base/java.util.ArrayList.forEach(ArrayList.java:1507)
at org.testng.TestRunner.privateRun(TestRunner.java:764)
at org.testng.TestRunner.run(TestRunner.java:585)
at org.testng.SuiteRunner.runTest(SuiteRunner.java:384)
at org.testng.SuiteRunner.runSequentially(SuiteRunner.java:378)
at org.testng.SuiteRunner.privateRun(SuiteRunner.java:337)
at org.testng.SuiteRunner.run(SuiteRunner.java:286)
at org.testng.SuiteRunnerWorker.runSuite(SuiteRunnerWorker.java:53)
at org.testng.SuiteRunnerWorker.run(SuiteRunnerWorker.java:96)
at org.testng.TestNG.runSuitesSequentially(TestNG.java:1218)
at org.testng.TestNG.runSuitesLocally(TestNG.java:1140)
at org.testng.TestNG.runSuites(TestNG.java:1069)
at org.testng.TestNG.run(TestNG.java:1037)
at org.testng.remote.AbstractRemoteTestNG.run(AbstractRemoteTestNG.java:115)
at org.testng.remote.RemoteTestNG.initAndRun(RemoteTestNG.java:251)
at org.testng.remote.RemoteTestNG.main(RemoteTestNG.java:77)
]]>
    </error>
  </testcase> <!-- toInclude -->
  <system-out/>
  <testcase classname="Demo1.Day2" name="Apanpahile" time="0.000">
    <skipped/>
  </testcase> <!-- Apanpahile -->
  <system-out/>
  <testcase classname="Demo1.Day2" name="toInclude3">
    <skipped/>
  </testcase> <!-- toInclude3 -->
  <system-out/>
</testsuite> <!-- Demo1.Day2 -->
