<?xml version="1.0" encoding="UTF-8"?>
<!-- Generated by org.testng.reporters.JUnitReportReporter -->
<testsuite hostname="LAPTOP-5K9H8Q3R" failures="0" tests="3" name="Demo1.Day3" time="0.030" errors="0" timestamp="2020-10-24T01:04:10 IST" skipped="0">
  <testcase classname="Demo1.Day3" name="toExclude3" time="0.015"/>
  <system-out/>
  <testcase classname="Demo1.Day3" name="toExclude4" time="0.004"/>
  <system-out/>
  <testcase classname="Demo1.Day3" name="toExclude" time="0.011"/>
  <system-out/>
</testsuite> <!-- Demo1.Day3 -->
